TITLE : Beam patch test 1
        (10:53:28 on June 13, 2026, Saturday)

C O N T R O L   I N F O R M A T I O N

      NUMBER OF NODAL POINTS . . . . . . . . . . (NUMNP)  =     5
      NUMBER OF ELEMENT GROUPS . . . . . . . . . (NUMEG)  =     1
      NUMBER OF LOAD CASES . . . . . . . . . . . (NLCASE) =     1
      SOLUTION MODE  . . . . . . . . . . . . . . (MODEX)  =     1
         EQ.0, DATA CHECK
         EQ.1, EXECUTION

 N O D A L   P O I N T   D A T A

    NODE       BOUNDARY                         NODAL POINT
   NUMBER  CONDITION  CODES                     COORDINATES
        1    1    1    1       0.00000e+00    0.00000e+00    0.00000e+00
        2    0    0    0       2.00000e+00    0.00000e+00    0.00000e+00
        3    0    0    0       3.00000e+00    0.00000e+00    0.00000e+00
        4    0    0    0       6.00000e+00    0.00000e+00    0.00000e+00
        5    0    1    1       1.00000e+01    0.00000e+00    0.00000e+00

 L O A D   C A S E   D A T A

     LOAD CASE NUMBER . . . . . . . =     1
     NUMBER OF CONCENTRATED LOADS . =     2

    NODE       DIRECTION      LOAD
   NUMBER                   MAGNITUDE
      1            6       -1.00000e+02
      5            6        1.00000e+02

 E L E M E N T   G R O U P   D A T A


 E L E M E N T   D E F I N I T I O N

 ELEMENT TYPE  . . . . . . . . . . . . .( NPAR(1) ) . . =    5
     EQ.1, TRUSS ELEMENTS
     EQ.2, ELEMENTS CURRENTLY
     EQ.3, NOT AVAILABLE

 NUMBER OF ELEMENTS. . . . . . . . . . .( NPAR(2) ) . . =    4

 M A T E R I A L   D E F I N I T I O N

 NUMBER OF DIFFERENT SETS OF MATERIAL
 AND CROSS-SECTIONAL  CONSTANTS  . . . .( NPAR(3) ) . . =    1

  SET       YOUNG'S       POISSON'S                               CROSS-SECTIONAL CONSTANTS [ONLY VALID FOR BOX]
 NUMBER     MODULUS         RATIO                 
               E             nu               a               b               t1               t2               t3               t4
    1     1.00000e+06     3.00000e-01     2.00000e+00     2.00000e+00     1.00000e-01     1.00000e-01     1.00000e-01     1.00000e-01


 E L E M E N T   I N F O R M A T I O N
 ELEMENT     NODE     NODE       MATERIAL
 NUMBER-N      I        J       SET NUMBER
    1          1        2           1
    2          2        3           1
    3          3        4           1
    4          4        5           1

 EQUATION NUMBERS

   NODE NUMBER   DEGREES OF FREEDOM
        N           X    Y    Z
        1           0    0    0    0    1    2
        2           3    4    5    6    7    8
        3           9   10   11   12   13   14
        4          15   16   17   18   19   20
        5          21    0    0   22   23   24

	TOTAL SYSTEM DATA

     NUMBER OF EQUATIONS . . . . . . . . . . . . . .(NEQ) = 24
     NUMBER OF MATRIX ELEMENTS . . . . . . . . . . .(NWK) = 184
     MAXIMUM HALF BANDWIDTH  . . . . . . . . . . . .(MK ) = 12
     MEAN HALF BANDWIDTH . . . . . . . . . . . . . .(MM ) = 7


 LOAD CASE    1


 D I S P L A C E M E N T S

  NODE           X-DISPLACEMENT    Y-DISPLACEMENT    Z-DISPLACEMENT      X-ROTATION        Y-ROTATION        Z-ROTATION
    1               0.00000e+00       0.00000e+00       0.00000e+00       0.00000e+00       0.00000e+00      -1.09043e-03
    2               0.00000e+00      -1.74469e-03       0.00000e+00       0.00000e+00       0.00000e+00      -6.54260e-04
    3               0.00000e+00      -2.28991e-03       0.00000e+00       0.00000e+00       0.00000e+00      -4.36173e-04
    4               0.00000e+00      -2.61704e-03       0.00000e+00       0.00000e+00       0.00000e+00       2.18087e-04
    5               0.00000e+00       0.00000e+00       0.00000e+00       0.00000e+00       0.00000e+00       1.09043e-03


 S O L U T I O N   T I M E   L O G   I N   S E C 

     TIME FOR INPUT PHASE = 1.32840e-03
     TIME FOR CALCULATION OF STIFFNESS MATRIX = 3.34000e-05
     TIME FOR FACTORIZATION AND LOAD CASE SOLUTIONS = 2.14900e-04

     T O T A L   S O L U T I O N   T I M E = 3.07210e-03
