TITLE : 8H patch test
        (10:53:28 on June 13, 2026, Saturday)

C O N T R O L   I N F O R M A T I O N

      NUMBER OF NODAL POINTS . . . . . . . . . . (NUMNP)  =    16
      NUMBER OF ELEMENT GROUPS . . . . . . . . . (NUMEG)  =     1
      NUMBER OF LOAD CASES . . . . . . . . . . . (NLCASE) =     1
      SOLUTION MODE  . . . . . . . . . . . . . . (MODEX)  =     1
         EQ.0, DATA CHECK
         EQ.1, EXECUTION

 N O D A L   P O I N T   D A T A

    NODE       BOUNDARY                         NODAL POINT
   NUMBER  CONDITION  CODES                     COORDINATES
        1    0    1    1       5.00000e+00    0.00000e+00    0.00000e+00
        2    0    0    1       5.00000e+00    5.00000e+00    0.00000e+00
        3    0    0    1       0.00000e+00    5.00000e+00    0.00000e+00
        4    1    1    1       0.00000e+00    0.00000e+00    0.00000e+00
        5    0    0    0       5.00000e+00    0.00000e+00    5.00000e+00
        6    0    0    0       5.00000e+00    5.00000e+00    5.00000e+00
        7    0    0    0       0.00000e+00    5.00000e+00    5.00000e+00
        8    0    0    0       0.00000e+00    0.00000e+00    5.00000e+00
        9    0    0    0       3.00000e+00    1.00000e+00    1.00000e+00
       10    0    0    0       3.00000e+00    3.00000e+00    2.00000e+00
       11    0    0    0       1.00000e+00    3.00000e+00    1.00000e+00
       12    0    0    0       1.00000e+00    1.00000e+00    1.00000e+00
       13    0    0    0       3.00000e+00    1.00000e+00    3.00000e+00
       14    0    0    0       3.00000e+00    3.00000e+00    3.00000e+00
       15    0    0    0       1.00000e+00    3.00000e+00    3.00000e+00
       16    0    0    0       1.00000e+00    1.00000e+00    3.00000e+00

 L O A D   C A S E   D A T A

     LOAD CASE NUMBER . . . . . . . =     1
     NUMBER OF CONCENTRATED LOADS . =     4

    NODE       DIRECTION      LOAD
   NUMBER                   MAGNITUDE
      5            3        2.50000e+02
      6            3        2.50000e+02
      7            3        2.50000e+02
      8            3        2.50000e+02

 E L E M E N T   G R O U P   D A T A


 E L E M E N T   D E F I N I T I O N

 ELEMENT TYPE  . . . . . . . . . . . . .( NPAR(1) ) . . =    4
     EQ.1, TRUSS ELEMENTS
     EQ.2, ELEMENTS CURRENTLY
     EQ.3, NOT AVAILABLE

 NUMBER OF ELEMENTS. . . . . . . . . . .( NPAR(2) ) . . =    7

 M A T E R I A L   D E F I N I T I O N

 NUMBER OF DIFFERENT SETS OF MATERIAL
 AND POISSON'S RATIO  CONSTANTS  . . . .( NPAR(3) ) . . =    1

  SET       YOUNG'S        POISSON'S
 NUMBER     MODULUS          RATIO
               E              nu
    1     1.00000e+06     2.00000e-01


 E L E M E N T   I N F O R M A T I O N
 ELEMENT     NODE     NODE     NODE      NODE     NODE     NODE     NODE     NODE        MATERIAL
 NUMBER-N      1        2        3        4        5        6        7        8          SET NUMBER
    1          1        2        3        4        9       10       11       12           1
    2         10        2        3       11       14        6        7       15           1
    3          9       10       11       12       13       14       15       16           1
    4          1        9       12        4        5       13       16        8           1
    5          1        2       10        9        5        6       14       13           1
    6         13       14       15       16        5        6        7        8           1
    7         12       11        3        4       16       15        7        8           1

 EQUATION NUMBERS

   NODE NUMBER   DEGREES OF FREEDOM
        N           X    Y    Z
        1           1    0    0    0    0    0
        2           2    3    0    0    0    0
        3           4    5    0    0    0    0
        4           0    0    0    0    0    0
        5           6    7    8    0    0    0
        6           9   10   11    0    0    0
        7          12   13   14    0    0    0
        8          15   16   17    0    0    0
        9          18   19   20    0    0    0
       10          21   22   23    0    0    0
       11          24   25   26    0    0    0
       12          27   28   29    0    0    0
       13          30   31   32    0    0    0
       14          33   34   35    0    0    0
       15          36   37   38    0    0    0
       16          39   40   41    0    0    0

	TOTAL SYSTEM DATA

     NUMBER OF EQUATIONS . . . . . . . . . . . . . .(NEQ) = 41
     NUMBER OF MATRIX ELEMENTS . . . . . . . . . . .(NWK) = 855
     MAXIMUM HALF BANDWIDTH  . . . . . . . . . . . .(MK ) = 41
     MEAN HALF BANDWIDTH . . . . . . . . . . . . . .(MM ) = 20


 LOAD CASE    1


 D I S P L A C E M E N T S

  NODE           X-DISPLACEMENT    Y-DISPLACEMENT    Z-DISPLACEMENT      X-ROTATION        Y-ROTATION        Z-ROTATION
    1              -4.00000e-05       0.00000e+00       0.00000e+00       0.00000e+00       0.00000e+00       0.00000e+00
    2              -4.00000e-05      -4.00000e-05       0.00000e+00       0.00000e+00       0.00000e+00       0.00000e+00
    3              -1.16891e-19      -4.00000e-05       0.00000e+00       0.00000e+00       0.00000e+00       0.00000e+00
    4               0.00000e+00       0.00000e+00       0.00000e+00       0.00000e+00       0.00000e+00       0.00000e+00
    5              -4.00000e-05       6.09864e-20       2.00000e-04       0.00000e+00       0.00000e+00       0.00000e+00
    6              -4.00000e-05      -4.00000e-05       2.00000e-04       0.00000e+00       0.00000e+00       0.00000e+00
    7              -1.57548e-19      -4.00000e-05       2.00000e-04       0.00000e+00       0.00000e+00       0.00000e+00
    8              -1.15874e-19      -9.82558e-20       2.00000e-04       0.00000e+00       0.00000e+00       0.00000e+00
    9              -2.40000e-05      -8.00000e-06       4.00000e-05       0.00000e+00       0.00000e+00       0.00000e+00
   10              -2.40000e-05      -2.40000e-05       8.00000e-05       0.00000e+00       0.00000e+00       0.00000e+00
   11              -8.00000e-06      -2.40000e-05       4.00000e-05       0.00000e+00       0.00000e+00       0.00000e+00
   12              -8.00000e-06      -8.00000e-06       4.00000e-05       0.00000e+00       0.00000e+00       0.00000e+00
   13              -2.40000e-05      -8.00000e-06       1.20000e-04       0.00000e+00       0.00000e+00       0.00000e+00
   14              -2.40000e-05      -2.40000e-05       1.20000e-04       0.00000e+00       0.00000e+00       0.00000e+00
   15              -8.00000e-06      -2.40000e-05       1.20000e-04       0.00000e+00       0.00000e+00       0.00000e+00
   16              -8.00000e-06      -8.00000e-06       1.20000e-04       0.00000e+00       0.00000e+00       0.00000e+00


 S O L U T I O N   T I M E   L O G   I N   S E C 

     TIME FOR INPUT PHASE = 1.52090e-03
     TIME FOR CALCULATION OF STIFFNESS MATRIX = 9.14000e-05
     TIME FOR FACTORIZATION AND LOAD CASE SOLUTIONS = 3.42700e-04

     T O T A L   S O L U T I O N   T I M E = 4.52210e-03
