
 S O L U T I O N   T I M E   L O G   I N   S E C 

     TIME FOR INPUT PHASE = 0.00183
     TIME FOR CALCULATION OF STIFFNESS MATRIX = 8.46e-05
     TIME FOR FACTORIZATION AND LOAD CASE SOLUTIONS = 0.0004515

     T O T A L   S O L U T I O N   T I M E = 0.0040358
UMEG)  =     3
      NUMBER OF LOAD CASES . . . . . . . . . . . (NLCASE) =     1
      SOLUTION MODE  . . . . . . . . . . . . . . (MODEX)  =     1
         EQ.0, DATA CHECK
         EQ.1, EXECUTION

 N O D A L   P O I N T   D A T A

    NODE       BOUNDARY                         NODAL POINT
   NUMBER  CONDITION  CODES                     COORDINATES
        1    1    1    1       0.00000e+00    0.00000e+00    0.00000e+00
        2    1    1    1       1.00000e+00    0.00000e+00    0.00000e+00
        3    0    0    0       1.00000e+00    1.00000e+00    0.00000e+00
        4    0    0    0       0.00000e+00    1.00000e+00    0.00000e+00
        5    1    1    1       0.00000e+00    0.00000e+00    1.00000e+00
        6    1    1    1       1.00000e+00    0.00000e+00    1.00000e+00
        7    0    0    0       1.00000e+00    1.00000e+00    1.00000e+00
        8    0    0    0       0.00000e+00    1.00000e+00    1.00000e+00
        9    0    0    0       4.00000e+00    1.00000e+00    1.00000e+00
       10    1    1    1       4.00000e+00    0.00000e+00    1.00000e+00

 L O A D   C A S E   D A T A

     LOAD CASE NUMBER . . . . . . . =     1
     NUMBER OF CONCENTRATED LOADS . =     1

    NODE       DIRECTION      LOAD
   NUMBER                   MAGNITUDE
      9            2       -5.00000e+02

 E L E M E N T   G R O U P   D A T A


 E L E M E N T   D E F I N I T I O N

 ELEMENT TYPE  . . . . . . . . . . . . .( NPAR(1) ) . . =    4
     EQ.1, TRUSS ELEMENTS
     EQ.2, ELEMENTS CURRENTLY
     EQ.3, NOT AVAILABLE

 NUMBER OF ELEMENTS. . . . . . . . . . .( NPAR(2) ) . . =    1

 M A T E R I A L   D E F I N I T I O N

 NUMBER OF DIFFERENT SETS OF MATERIAL
 AND POISSON'S RATIO  CONSTANTS  . . . .( NPAR(3) ) . . =    1

  SET       YOUNG'S        POISSON'S
 NUMBER     MODULUS          RATIO
               E              nu
    1     2.00000e+11     3.00000e-01


 E L E M E N T   I N F O R M A T I O N
 ELEMENT     NODE     NODE     NODE      NODE     NODE     NODE     NODE     NODE        MATERIAL
 NUMBER-N      1        2        3        4        5        6        7        8          SET NUMBER
    1          1        2        3        4        5        6        7        8           1

 E L E M E N T   D E F I N I T I O N

 ELEMENT TYPE  . . . . . . . . . . . . .( NPAR(1) ) . . =    5
     EQ.1, TRUSS ELEMENTS
     EQ.2, ELEMENTS CURRENTLY
     EQ.3, NOT AVAILABLE

 NUMBER OF ELEMENTS. . . . . . . . . . .( NPAR(2) ) . . =    1

 M A T E R I A L   D E F I N I T I O N

 NUMBER OF DIFFERENT SETS OF MATERIAL
 AND CROSS-SECTIONAL  CONSTANTS  . . . .( NPAR(3) ) . . =    1

  SET       YOUNG'S       POISSON'S                               CROSS-SECTIONAL CONSTANTS [ONLY VALID FOR BOX]
 NUMBER     MODULUS         RATIO                 
               E             nu               a               b               t1               t2               t3               t4
    1     2.00000e+11     3.00000e-01     3.00000e-01     3.00000e-01     5.00000e-02     5.00000e-02     5.00000e-02     5.00000e-02


 E L E M E N T   I N F O R M A T I O N
 ELEMENT     NODE     NODE       MATERIAL
 NUMBER-N      I        J       SET NUMBER
    1          7        9           1

 E L E M E N T   D E F I N I T I O N

 ELEMENT TYPE  . . . . . . . . . . . . .( NPAR(1) ) . . =    1
     EQ.1, TRUSS ELEMENTS
     EQ.2, ELEMENTS CURRENTLY
     EQ.3, NOT AVAILABLE

 NUMBER OF ELEMENTS. . . . . . . . . . .( NPAR(2) ) . . =    1

 M A T E R I A L   D E F I N I T I O N

 NUMBER OF DIFFERENT SETS OF MATERIAL
 AND CROSS-SECTIONAL  CONSTANTS  . . . .( NPAR(3) ) . . =    1

  SET       YOUNG'S     CROSS-SECTIONAL
 NUMBER     MODULUS          AREA
               E              A
    1     2.00000e+11     2.00000e-02


 E L E M E N T   I N F O R M A T I O N
 ELEMENT     NODE     NODE       MATERIAL
 NUMBER-N      I        J       SET NUMBER
    1         10        9           1

 EQUATION NUMBERS

   NODE NUMBER   DEGREES OF FREEDOM
        N           X    Y    Z
        1           0    0    0    0    0    0
        2           0    0    0    0    0    0
        3           1    2    3    0    0    0
        4           4    5    6    0    0    0
        5           0    0    0    0    0    0
        6           0    0    0    0    0    0
        7           7    8    9    0    0    0
        8          10   11   12    0    0    0
        9          13   14   15   16   17   18
       10           0    0    0    0    0    0

	TOTAL SYSTEM DATA

     NUMBER OF EQUATIONS . . . . . . . . . . . . . .(NEQ) = 18
     NUMBER OF MATRIX ELEMENTS . . . . . . . . . . .(NWK) = 135
     MAXIMUM HALF BANDWIDTH  . . . . . . . . . . . .(MK ) = 12
     MEAN HALF BANDWIDTH . . . . . . . . . . . . . .(MM ) = 7


 LOAD CASE    1


 D I S P L A C E M E N T S

  NODE           X-DISPLACEMENT    Y-DISPLACEMENT    Z-DISPLACEMENT      X-ROTATION        Y-ROTATION        Z-ROTATION
    1               0.00000e+00       0.00000e+00       0.00000e+00       0.00000e+00       0.00000e+00       0.00000e+00
    2               0.00000e+00       0.00000e+00       0.00000e+00       0.00000e+00       0.00000e+00       0.00000e+00
    3               1.04305e-11       9.37188e-12       1.11052e-11       0.00000e+00       0.00000e+00       0.00000e+00
    4               1.41899e-11       5.20184e-12       1.41899e-11       0.00000e+00       0.00000e+00       0.00000e+00
    5               0.00000e+00       0.00000e+00       0.00000e+00       0.00000e+00       0.00000e+00       0.00000e+00
    6               0.00000e+00       0.00000e+00       0.00000e+00       0.00000e+00       0.00000e+00       0.00000e+00
    7               2.07127e-11      -5.12365e-11       2.07127e-11       0.00000e+00       0.00000e+00       0.00000e+00
    8               1.11052e-11       9.37188e-12       1.04305e-11       0.00000e+00       0.00000e+00       0.00000e+00
    9               2.07127e-11      -1.24625e-07       2.07127e-11       0.00000e+00       7.42195e-26      -6.22869e-08
   10               0.00000e+00       0.00000e+00       0.00000e+00       0.00000e+00       0.00000e+00       0.00000e+00


 S O L U T I O N   T I M E   L O G   I N   S E C 

     TIME FOR INPUT PHASE = 1.83000e-03
     TIME FOR CALCULATION OF STIFFNESS MATRIX = 8.46000e-05
     TIME FOR FACTORIZATION AND LOAD CASE SOLUTIONS = 4.51500e-04

     T O T A L   S O L U T I O N   T I M E = 4.03580e-03
